<?xml version="1.0" encoding="UTF-8"?>
<!-- Generated by org.testng.reporters.JUnitReportReporter -->
<testsuite skipped="0" hostname="DESKTOP-KMQCVAG" name="com.NGDesk.tests.login.TestCase16" tests="1" failures="0" timestamp="03 Aug 2018 00:20:41 GMT" time="29.488" errors="0">
  <testcase name="testCase16" time="29.488" classname="com.NGDesk.tests.login.TestCase16"/>
</testsuite> <!-- com.NGDesk.tests.login.TestCase16 -->
